c:\users\raul_\source\repos\cg02 raulge p10 carro 12\cg02 raulge\debug\vc141.pdb
c:\users\raul_\source\repos\cg02 raulge p10 carro 12\cg02 raulge\debug\vc141.idb
c:\users\raul_\source\repos\cg02 raulge p10 carro 12\cg02 raulge\debug\texture.obj
c:\users\raul_\source\repos\cg02 raulge p10 carro 12\cg02 raulge\debug\main_prac12 (1).obj
c:\users\raul_\source\repos\cg02 raulge p10 carro 12\cg02 raulge\debug\figuras.obj
c:\users\raul_\source\repos\cg02 raulge p10 carro 12\cg02 raulge\debug\camera.obj
c:\users\raul_\source\repos\cg02 raulge proyecto\cg02 raulge\debug\vc141.pdb
c:\users\raul_\source\repos\cg02 raulge proyecto\cg02 raulge\debug\vc141.idb
c:\users\raul_\source\repos\cg02 raulge proyecto\cg02 raulge\debug\texture.obj
c:\users\raul_\source\repos\cg02 raulge proyecto\cg02 raulge\debug\main_prac12-12.obj
c:\users\raul_\source\repos\cg02 raulge proyecto\cg02 raulge\debug\figuras.obj
c:\users\raul_\source\repos\cg02 raulge proyecto\cg02 raulge\debug\camera.obj
c:\users\raul_\desktop\cg02 raulge proyecto\cg02 raulge\debug\vc141.pdb
c:\users\raul_\desktop\cg02 raulge proyecto\cg02 raulge\debug\vc141.idb
c:\users\raul_\desktop\cg02 raulge proyecto\cg02 raulge\debug\texture.obj
c:\users\raul_\desktop\cg02 raulge proyecto\cg02 raulge\debug\renders.obj
c:\users\raul_\desktop\cg02 raulge proyecto\cg02 raulge\debug\figuras.obj
c:\users\raul_\desktop\cg02 raulge proyecto\cg02 raulge\debug\camera.obj
c:\users\raul_\desktop\cg02 raulge proyecto\cg02 raulge\debug\animaciones.obj
c:\users\raul_\desktop\cg02 raulge proyecto\cg02 raulge\debug\main_prac12-12.obj
c:\users\raul_\desktop\cg02 raulge proyecto\cg02 raulge\debug\main_prac12.obj
c:\users\raul_\source\repos\cg02 raulge p10 carro 12\debug\cg02 raulge.ilk
c:\users\raul_\source\repos\cg02 raulge p10 carro 12\debug\cg02 raulge.exe
c:\users\raul_\source\repos\cg02 raulge p10 carro 12\debug\cg02 raulge.pdb
c:\users\raul_\source\repos\cg02 raulge proyecto\debug\cg02 raulge.exe
c:\users\raul_\source\repos\cg02 raulge proyecto\debug\cg02 raulge.ilk
c:\users\raul_\source\repos\cg02 raulge proyecto\debug\cg02 raulge.pdb
c:\users\raul_\desktop\cg02 raulge proyecto\debug\cg02 raulge.exe
c:\users\raul_\desktop\cg02 raulge proyecto\debug\cg02 raulge.ilk
c:\users\raul_\desktop\cg02 raulge proyecto\debug\cg02 raulge.pdb
c:\users\raul_\desktop\cg02 raulge proyecto\cg02 raulge\debug\main.obj
c:\users\raul_\desktop\cg02 raulge proyecto\cg02 raulge\debug\main_prac11new.obj
c:\users\raul_\desktop\cg02 raulge proyecto\cg02 raulge\debug\main_prac12 (1).obj
c:\users\raul_\desktop\cg02 raulge proyecto\cg02 raulge\debug\main.obj.enc
c:\users\raul_\desktop\cg02 raulge proyecto\cg02 raulge\debug\main_prac12.obj.enc
c:\users\raul_\desktop\cg02 raulge proyecto\cg02 raulge\debug\clase.ilk
c:\users\raul_\desktop\cg02 raulge proyecto\cg02 raulge\debug\clase.pdb
c:\users\raul_\desktop\cg02 raulge proyecto\cg02 raulge\debug\cg02 raulge.tlog\cl.command.1.tlog
c:\users\raul_\desktop\cg02 raulge proyecto\cg02 raulge\debug\cg02 raulge.tlog\cl.read.1.tlog
c:\users\raul_\desktop\cg02 raulge proyecto\cg02 raulge\debug\cg02 raulge.tlog\cl.write.1.tlog
c:\users\raul_\desktop\cg02 raulge proyecto\cg02 raulge\debug\cg02 raulge.tlog\link.command.1.tlog
c:\users\raul_\desktop\cg02 raulge proyecto\cg02 raulge\debug\cg02 raulge.tlog\link.read.1.tlog
c:\users\raul_\desktop\cg02 raulge proyecto\cg02 raulge\debug\cg02 raulge.tlog\link.write.1.tlog
