C:\Program Files (x86)\Microsoft Visual Studio\2017\Community\Common7\IDE\VC\VCTargets\Microsoft.CppBuild.targets(391,5): warning MSB8028: El directorio intermedio (Debug\) contiene archivos compartidos de otro proyecto (CG02 RaulGE.vcxproj, Clase.vcxproj, claseLabCompGrafII.vcxproj). Esto puede dar lugar a un comportamiento incorrecto de limpieza y recompilación.
  animaciones.cpp
  Camera.cpp
  figuras.cpp
c:\users\mtz-t\documents\github\externo\cg02proyectofinal\cg02 proyecto\cg02 proyectofinal\figuras.cpp(24): warning C4838: la conversión de 'double' en 'GLfloat' requiere una conversión de restricción
c:\users\mtz-t\documents\github\externo\cg02proyectofinal\cg02 proyecto\cg02 proyectofinal\figuras.cpp(103): warning C4838: la conversión de 'double' en 'GLfloat' requiere una conversión de restricción
c:\users\mtz-t\documents\github\externo\cg02proyectofinal\cg02 proyecto\cg02 proyectofinal\figuras.cpp(156): warning C4838: la conversión de 'double' en 'GLfloat' requiere una conversión de restricción
c:\users\mtz-t\documents\github\externo\cg02proyectofinal\cg02 proyecto\cg02 proyectofinal\figuras.cpp(365): warning C4101: 'theta': variable local sin referencia
c:\users\mtz-t\documents\github\externo\cg02proyectofinal\cg02 proyecto\cg02 proyectofinal\figuras.cpp(365): warning C4101: 'phi': variable local sin referencia
c:\users\mtz-t\documents\github\externo\cg02proyectofinal\cg02 proyecto\cg02 proyectofinal\figuras.cpp(845): warning C4838: la conversión de 'double' en 'GLfloat' requiere una conversión de restricción
  main_prac12.cpp
  renders.cpp
  texture.cpp
  Generando código...
CModel.lib(_3dsloader.obj) : warning LNK4099: no se encontró PDB 'vc70.pdb' con 'CModel.lib(_3dsloader.obj)' o en 'C:\Users\mtz-t\Documents\GitHub\Externo\CG02ProyectoFinal\CG02 Proyecto\CG02 ProyectoFinal\Debug\vc70.pdb'; se vinculará el objeto sin tener en cuenta información de depuración
CModel.lib(CModel.obj) : warning LNK4099: no se encontró PDB 'vc70.pdb' con 'CModel.lib(CModel.obj)' o en 'C:\Users\mtz-t\Documents\GitHub\Externo\CG02ProyectoFinal\CG02 Proyecto\CG02 ProyectoFinal\Debug\vc70.pdb'; se vinculará el objeto sin tener en cuenta información de depuración
CModel.lib(CObject.obj) : warning LNK4099: no se encontró PDB 'vc70.pdb' con 'CModel.lib(CObject.obj)' o en 'C:\Users\mtz-t\Documents\GitHub\Externo\CG02ProyectoFinal\CG02 Proyecto\CG02 ProyectoFinal\Debug\vc70.pdb'; se vinculará el objeto sin tener en cuenta información de depuración
CModel.lib(GFILoader.obj) : warning LNK4099: no se encontró PDB 'vc70.pdb' con 'CModel.lib(GFILoader.obj)' o en 'C:\Users\mtz-t\Documents\GitHub\Externo\CG02ProyectoFinal\CG02 Proyecto\CG02 ProyectoFinal\Debug\vc70.pdb'; se vinculará el objeto sin tener en cuenta información de depuración
CModel.lib(GLRender.obj) : warning LNK4099: no se encontró PDB 'vc70.pdb' con 'CModel.lib(GLRender.obj)' o en 'C:\Users\mtz-t\Documents\GitHub\Externo\CG02ProyectoFinal\CG02 Proyecto\CG02 ProyectoFinal\Debug\vc70.pdb'; se vinculará el objeto sin tener en cuenta información de depuración
CModel.lib(HandleStream.obj) : warning LNK4099: no se encontró PDB 'vc70.pdb' con 'CModel.lib(HandleStream.obj)' o en 'C:\Users\mtz-t\Documents\GitHub\Externo\CG02ProyectoFinal\CG02 Proyecto\CG02 ProyectoFinal\Debug\vc70.pdb'; se vinculará el objeto sin tener en cuenta información de depuración
CModel.lib(imageload.obj) : warning LNK4099: no se encontró PDB 'vc70.pdb' con 'CModel.lib(imageload.obj)' o en 'C:\Users\mtz-t\Documents\GitHub\Externo\CG02ProyectoFinal\CG02 Proyecto\CG02 ProyectoFinal\Debug\vc70.pdb'; se vinculará el objeto sin tener en cuenta información de depuración
CModel.lib(MATRIX4X4.obj) : warning LNK4099: no se encontró PDB 'vc70.pdb' con 'CModel.lib(MATRIX4X4.obj)' o en 'C:\Users\mtz-t\Documents\GitHub\Externo\CG02ProyectoFinal\CG02 Proyecto\CG02 ProyectoFinal\Debug\vc70.pdb'; se vinculará el objeto sin tener en cuenta información de depuración
CModel.lib(VECTOR3D.obj) : warning LNK4099: no se encontró PDB 'vc70.pdb' con 'CModel.lib(VECTOR3D.obj)' o en 'C:\Users\mtz-t\Documents\GitHub\Externo\CG02ProyectoFinal\CG02 Proyecto\CG02 ProyectoFinal\Debug\vc70.pdb'; se vinculará el objeto sin tener en cuenta información de depuración
CModel.lib(VECTOR4D.obj) : warning LNK4099: no se encontró PDB 'vc70.pdb' con 'CModel.lib(VECTOR4D.obj)' o en 'C:\Users\mtz-t\Documents\GitHub\Externo\CG02ProyectoFinal\CG02 Proyecto\CG02 ProyectoFinal\Debug\vc70.pdb'; se vinculará el objeto sin tener en cuenta información de depuración
  CG02 ProyectoFinal.vcxproj -> C:\Users\mtz-t\Documents\GitHub\Externo\CG02ProyectoFinal\CG02 Proyecto\CG02 ProyectoFinal\Debug\CG02ProyectoFinal.exe
