c:\users\cg05\desktop\practica10\clase\clase\debug\vc141.pdb
c:\users\cg05\desktop\practica10\clase\clase\debug\vc141.idb
c:\users\cg05\desktop\practica10\clase\clase\debug\texture.obj
c:\users\cg05\desktop\practica10\clase\clase\debug\main_prac11new.obj
c:\users\cg05\desktop\practica10\clase\clase\debug\figuras.obj
c:\users\cg05\desktop\practica10\clase\clase\debug\camera.obj
c:\users\cg05\desktop\practica10\clase\debug\clase.ilk
c:\users\cg05\desktop\practica10\clase\debug\clase.exe
c:\users\cg05\desktop\practica10\clase\debug\clase.pdb
c:\users\cg06\documents\practica 11\clase\debug\camera.obj
c:\users\cg06\documents\practica 11\clase\debug\figuras.obj
c:\users\cg06\documents\practica 11\clase\debug\main_prac11new.obj
c:\users\cg06\documents\practica 11\clase\debug\texture.obj
c:\users\cg06\documents\practica 11\clase\debug\vc141.idb
c:\users\cg06\documents\practica 11\clase\debug\vc141.pdb
c:\users\cg06\documents\practica 11\clase\debug\clase.tlog\cl.command.1.tlog
c:\users\cg06\documents\practica 11\clase\debug\clase.tlog\cl.read.1.tlog
c:\users\cg06\documents\practica 11\clase\debug\clase.tlog\cl.write.1.tlog
c:\users\cg06\documents\practica 11\clase\debug\clase.tlog\link.command.1.tlog
c:\users\cg06\documents\practica 11\clase\debug\clase.tlog\link.read.1.tlog
c:\users\cg06\documents\practica 11\clase\debug\clase.tlog\link.write.1.tlog
