c:\users\raul_\desktop\cg02 raulge proyecto\cg02 raulge\debug\vc141.pdb
c:\users\raul_\desktop\cg02 raulge proyecto\cg02 raulge\debug\animaciones.obj
c:\users\raul_\desktop\cg02 raulge proyecto\cg02 raulge\debug\camera.obj
c:\users\raul_\desktop\cg02 raulge proyecto\cg02 raulge\debug\figuras.obj
c:\users\raul_\desktop\cg02 raulge proyecto\cg02 raulge\debug\renders.obj
c:\users\raul_\desktop\cg02 raulge proyecto\cg02 raulge\debug\texture.obj
c:\users\raul_\desktop\cg02 raulge proyecto\cg02 raulge\debug\vc141.idb
c:\users\raul_\desktop\cg02 raulge proyecto\cg02 raulge\debug\main_prac12.obj
c:\users\raul_\documents\github\cg02proyectofinal\cg02 raulge proyecto\cg02 raulge\debug\vc141.pdb
c:\users\raul_\documents\github\cg02proyectofinal\cg02 raulge proyecto\cg02 raulge\debug\vc141.idb
c:\users\raul_\documents\github\cg02proyectofinal\cg02 raulge proyecto\cg02 raulge\debug\texture.obj
c:\users\raul_\documents\github\cg02proyectofinal\cg02 raulge proyecto\cg02 raulge\debug\renders.obj
c:\users\raul_\documents\github\cg02proyectofinal\cg02 raulge proyecto\cg02 raulge\debug\main_prac12.obj
c:\users\raul_\documents\github\cg02proyectofinal\cg02 raulge proyecto\cg02 raulge\debug\figuras.obj
c:\users\raul_\documents\github\cg02proyectofinal\cg02 raulge proyecto\cg02 raulge\debug\camera.obj
c:\users\raul_\documents\github\cg02proyectofinal\cg02 raulge proyecto\cg02 raulge\debug\animaciones.obj
c:\users\raul_\desktop\cg02 raulge proyecto\debug\cg02 raulge.exe
c:\users\raul_\desktop\cg02 raulge proyecto\debug\cg02 raulge.ilk
c:\users\raul_\desktop\cg02 raulge proyecto\debug\cg02 raulge.pdb
c:\users\raul_\documents\github\cg02proyectofinal\cg02 raulge proyecto\debug\cg02 raulge.exe
c:\users\raul_\documents\github\cg02proyectofinal\cg02 raulge proyecto\debug\cg02 raulge.ilk
c:\users\raul_\documents\github\cg02proyectofinal\cg02 raulge proyecto\debug\cg02 raulge.pdb
c:\users\raul_\documents\github\cg02proyectofinal\cg02 raulge proyecto\cg02 raulge\debug\cg02 raulge.tlog\cl.command.1.tlog
c:\users\raul_\documents\github\cg02proyectofinal\cg02 raulge proyecto\cg02 raulge\debug\cg02 raulge.tlog\cl.read.1.tlog
c:\users\raul_\documents\github\cg02proyectofinal\cg02 raulge proyecto\cg02 raulge\debug\cg02 raulge.tlog\cl.write.1.tlog
c:\users\raul_\documents\github\cg02proyectofinal\cg02 raulge proyecto\cg02 raulge\debug\cg02 raulge.tlog\link.command.1.tlog
c:\users\raul_\documents\github\cg02proyectofinal\cg02 raulge proyecto\cg02 raulge\debug\cg02 raulge.tlog\link.read.1.tlog
c:\users\raul_\documents\github\cg02proyectofinal\cg02 raulge proyecto\cg02 raulge\debug\cg02 raulge.tlog\link.write.1.tlog
